<?xml version="1.0" encoding="UTF-8"?>
<testsuite name="com.cprime.runner.TestRunnerNew" time="0.009" tests="13" errors="0" skipped="0" failures="2">
  <properties>
[...]
</properties>
  <testcase name="Given an application sends an API request for cashOrderCreationParam" classname="Scenario: Verify cashOrderCreationParam returns valid data" time="0"/>
  <testcase name="When application provides a userId of &quot;diUser&quot; and an ABA Number of &quot;111111111&quot;" classname="Scenario: Verify cashOrderCreationParam returns valid data" time="0"/>
  <testcase name="Then the application should receive an endpoint response that includes &quot;FIRST PEOPLE BANK, INC.&quot; and &quot;SECOND PEOPLES BANK, INC.&quot; and &quot;THIRD PEOPLES BANK, INC.&quot;" classname="Scenario: Verify cashOrderCreationParam returns valid data" time="0.003">
    <failure message="1 expectation failed.&#10;JSON path endpoint[0].branchOfficeName doesn&apos;t match.&#10;Expected: FIRST PEOPLE BANK, INC.&#10;  Actual: FIRST PEOPLES BANK, INC.&#10;" type="java.lang.AssertionError">java.lang.AssertionError: 1 expectation failed.
JSON path endpoint[0].branchOfficeName doesn't match.
Expected: FIRST PEOPLE BANK, INC.
  Actual: FIRST PEOPLES BANK, INC.

	at sun.reflect.NativeConstructorAccessorImpl.newInstance0(Native Method)
	at sun.reflect.NativeConstructorAccessorImpl.newInstance(NativeConstructorAccessorImpl.java:62)
	at sun.reflect.DelegatingConstructorAccessorImpl.newInstance(DelegatingConstructorAccessorImpl.java:45)
	at java.lang.reflect.Constructor.newInstance(Constructor.java:422)
	at org.codehaus.groovy.reflection.CachedConstructor.invoke(CachedConstructor.java:83)
	at org.codehaus.groovy.reflection.CachedConstructor.doConstructorInvoke(CachedConstructor.java:77)
	at org.codehaus.groovy.runtime.callsite.ConstructorSite$ConstructorSiteNoUnwrap.callConstructor(ConstructorSite.java:84)
	at org.codehaus.groovy.runtime.callsite.CallSiteArray.defaultCallConstructor(CallSiteArray.java:60)
	at org.codehaus.groovy.runtime.callsite.AbstractCallSite.callConstructor(AbstractCallSite.java:235)
	at org.codehaus.groovy.runtime.callsite.AbstractCallSite.callConstructor(AbstractCallSite.java:247)
	at io.restassured.internal.ResponseSpecificationImpl$HamcrestAssertionClosure.validate(ResponseSpecificationImpl.groovy:470)
	at io.restassured.internal.ResponseSpecificationImpl$HamcrestAssertionClosure$validate$1.call(Unknown Source)
	at org.codehaus.groovy.runtime.callsite.CallSiteArray.defaultCall(CallSiteArray.java:48)
	at org.codehaus.groovy.runtime.callsite.AbstractCallSite.call(AbstractCallSite.java:113)
	at org.codehaus.groovy.runtime.callsite.AbstractCallSite.call(AbstractCallSite.java:125)
	at io.restassured.internal.ResponseSpecificationImpl.validateResponseIfRequired(ResponseSpecificationImpl.groovy:632)
	at sun.reflect.NativeMethodAccessorImpl.invoke0(Native Method)
	at sun.reflect.NativeMethodAccessorImpl.invoke(NativeMethodAccessorImpl.java:62)
	at sun.reflect.DelegatingMethodAccessorImpl.invoke(DelegatingMethodAccessorImpl.java:43)
	at java.lang.reflect.Method.invoke(Method.java:497)
	at org.codehaus.groovy.runtime.callsite.PogoMetaMethodSite$PogoCachedMethodSiteNoUnwrapNoCoerce.invoke(PogoMetaMethodSite.java:210)
	at org.codehaus.groovy.runtime.callsite.PogoMetaMethodSite.callCurrent(PogoMetaMethodSite.java:59)
	at org.codehaus.groovy.runtime.callsite.CallSiteArray.defaultCallCurrent(CallSiteArray.java:52)
	at org.codehaus.groovy.runtime.callsite.AbstractCallSite.callCurrent(AbstractCallSite.java:154)
	at org.codehaus.groovy.runtime.callsite.AbstractCallSite.callCurrent(AbstractCallSite.java:166)
	at io.restassured.internal.ResponseSpecificationImpl.content(ResponseSpecificationImpl.groovy:264)
	at io.restassured.specification.ResponseSpecification$content$0.callCurrent(Unknown Source)
	at org.codehaus.groovy.runtime.callsite.CallSiteArray.defaultCallCurrent(CallSiteArray.java:52)
	at org.codehaus.groovy.runtime.callsite.AbstractCallSite.callCurrent(AbstractCallSite.java:154)
	at org.codehaus.groovy.runtime.callsite.AbstractCallSite.callCurrent(AbstractCallSite.java:190)
	at io.restassured.internal.ResponseSpecificationImpl.body(ResponseSpecificationImpl.groovy:247)
	at io.restassured.internal.ValidatableResponseOptionsImpl.body(ValidatableResponseOptionsImpl.java:268)
	at com.cprime.stepDefinition.SmokeTest.the_application_should_receive_an_endpoint_response_that_includes_and_and(SmokeTest.java:84)
	at ✽.Then the application should receive an endpoint response that includes "FIRST PEOPLE BANK, INC." and "SECOND PEOPLES BANK, INC." and "THIRD PEOPLES BANK, INC."(DIAPI.feature:7)
</failure>
  </testcase>
  <testcase name="Scenario: Verify cashOrderCreationParam returns valid data" classname="Scenario: Verify cashOrderCreationParam returns valid data" time="0.004">
    <failure message="1 expectation failed.&#10;JSON path endpoint[0].branchOfficeName doesn&apos;t match.&#10;Expected: FIRST PEOPLE BANK, INC.&#10;  Actual: FIRST PEOPLES BANK, INC.&#10;" type="java.lang.AssertionError">java.lang.AssertionError: 1 expectation failed.
JSON path endpoint[0].branchOfficeName doesn't match.
Expected: FIRST PEOPLE BANK, INC.
  Actual: FIRST PEOPLES BANK, INC.

	at sun.reflect.NativeConstructorAccessorImpl.newInstance0(Native Method)
	at sun.reflect.NativeConstructorAccessorImpl.newInstance(NativeConstructorAccessorImpl.java:62)
	at sun.reflect.DelegatingConstructorAccessorImpl.newInstance(DelegatingConstructorAccessorImpl.java:45)
	at java.lang.reflect.Constructor.newInstance(Constructor.java:422)
	at org.codehaus.groovy.reflection.CachedConstructor.invoke(CachedConstructor.java:83)
	at org.codehaus.groovy.reflection.CachedConstructor.doConstructorInvoke(CachedConstructor.java:77)
	at org.codehaus.groovy.runtime.callsite.ConstructorSite$ConstructorSiteNoUnwrap.callConstructor(ConstructorSite.java:84)
	at org.codehaus.groovy.runtime.callsite.CallSiteArray.defaultCallConstructor(CallSiteArray.java:60)
	at org.codehaus.groovy.runtime.callsite.AbstractCallSite.callConstructor(AbstractCallSite.java:235)
	at org.codehaus.groovy.runtime.callsite.AbstractCallSite.callConstructor(AbstractCallSite.java:247)
	at io.restassured.internal.ResponseSpecificationImpl$HamcrestAssertionClosure.validate(ResponseSpecificationImpl.groovy:470)
	at io.restassured.internal.ResponseSpecificationImpl$HamcrestAssertionClosure$validate$1.call(Unknown Source)
	at org.codehaus.groovy.runtime.callsite.CallSiteArray.defaultCall(CallSiteArray.java:48)
	at org.codehaus.groovy.runtime.callsite.AbstractCallSite.call(AbstractCallSite.java:113)
	at org.codehaus.groovy.runtime.callsite.AbstractCallSite.call(AbstractCallSite.java:125)
	at io.restassured.internal.ResponseSpecificationImpl.validateResponseIfRequired(ResponseSpecificationImpl.groovy:632)
	at sun.reflect.NativeMethodAccessorImpl.invoke0(Native Method)
	at sun.reflect.NativeMethodAccessorImpl.invoke(NativeMethodAccessorImpl.java:62)
	at sun.reflect.DelegatingMethodAccessorImpl.invoke(DelegatingMethodAccessorImpl.java:43)
	at java.lang.reflect.Method.invoke(Method.java:497)
	at org.codehaus.groovy.runtime.callsite.PogoMetaMethodSite$PogoCachedMethodSiteNoUnwrapNoCoerce.invoke(PogoMetaMethodSite.java:210)
	at org.codehaus.groovy.runtime.callsite.PogoMetaMethodSite.callCurrent(PogoMetaMethodSite.java:59)
	at org.codehaus.groovy.runtime.callsite.CallSiteArray.defaultCallCurrent(CallSiteArray.java:52)
	at org.codehaus.groovy.runtime.callsite.AbstractCallSite.callCurrent(AbstractCallSite.java:154)
	at org.codehaus.groovy.runtime.callsite.AbstractCallSite.callCurrent(AbstractCallSite.java:166)
	at io.restassured.internal.ResponseSpecificationImpl.content(ResponseSpecificationImpl.groovy:264)
	at io.restassured.specification.ResponseSpecification$content$0.callCurrent(Unknown Source)
	at org.codehaus.groovy.runtime.callsite.CallSiteArray.defaultCallCurrent(CallSiteArray.java:52)
	at org.codehaus.groovy.runtime.callsite.AbstractCallSite.callCurrent(AbstractCallSite.java:154)
	at org.codehaus.groovy.runtime.callsite.AbstractCallSite.callCurrent(AbstractCallSite.java:190)
	at io.restassured.internal.ResponseSpecificationImpl.body(ResponseSpecificationImpl.groovy:247)
	at io.restassured.internal.ValidatableResponseOptionsImpl.body(ValidatableResponseOptionsImpl.java:268)
	at com.cprime.stepDefinition.SmokeTest.the_application_should_receive_an_endpoint_response_that_includes_and_and(SmokeTest.java:84)
	at ✽.Then the application should receive an endpoint response that includes "FIRST PEOPLE BANK, INC." and "SECOND PEOPLES BANK, INC." and "THIRD PEOPLES BANK, INC."(DIAPI.feature:7)
</failure>
  </testcase>
  <testcase name="Given an application sends an API request for userInfo" classname="Scenario: Verify userInfo returns valid data" time="0"/>
  <testcase name="When application provides a userId of &quot;criley&quot;" classname="Scenario: Verify userInfo returns valid data" time="0"/>
  <testcase name="Then the application should receive a response with &quot;string&quot; and &quot;string&quot;" classname="Scenario: Verify userInfo returns valid data" time="0"/>
  <testcase name="And the application should receive a response under &quot;200&quot; ms" classname="Scenario: Verify userInfo returns valid data" time="0"/>
  <testcase name="Scenario: Verify userInfo returns valid data" classname="Scenario: Verify userInfo returns valid data" time="0"/>
  <testcase name="Given an application sends an API request for notifications" classname="Scenario: Verify broadcastMessage returns two notifications" time="0.001"/>
  <testcase name="When application provides a userId of &quot;diUser&quot; an ABA Number of &quot;111111111&quot; and a messageAge of &quot;7&quot;" classname="Scenario: Verify broadcastMessage returns two notifications" time="0.001"/>
  <testcase name="Then the application should receive &quot;2&quot; notifications" classname="Scenario: Verify broadcastMessage returns two notifications" time="0"/>
  <testcase name="Scenario: Verify broadcastMessage returns two notifications" classname="Scenario: Verify broadcastMessage returns two notifications" time="0"/>
</testsuite>